<?xml version="1.0" encoding="UTF-8"?>
<testsuite xmlns:xsi="http://www.w3.org/2001/XMLSchema-instance" xsi:noNamespaceSchemaLocation="https://maven.apache.org/surefire/maven-surefire-plugin/xsd/surefire-test-report.xsd" name="runners.PandoraRunner" time="174.968" tests="81" errors="0" skipped="0" failures="0">
  <properties>
[...]
</properties>
  <testcase name="Given User is on Edibles page" classname="Scenario: Edit calories on Profile" time="0.002"/>
  <testcase name="When User is going on Profile page" classname="Scenario: Edit calories on Profile" time="0"/>
  <testcase name="Then User is updating his calories on &quot;2500&quot;" classname="Scenario: Edit calories on Profile" time="0"/>
  <testcase name="Scenario: Edit calories on Profile" classname="Scenario: Edit calories on Profile" time="0.741"/>
  <testcase name="Given User is on Edibles page" classname="Scenario: User can add records on Edibles" time="0"/>
  <testcase name="When User is adding first record with name &quot;pizza&quot;, &quot;1500&quot;, date &quot;01012021&quot; and time &quot;0301 1&quot;" classname="Scenario: User can add records on Edibles" time="0"/>
  <testcase name="And User is adding a second entry with name &quot;pasta&quot;, calories &quot;1400&quot;, date &quot;01012020&quot; and time &quot;0400 1&quot;" classname="Scenario: User can add records on Edibles" time="0.001"/>
  <testcase name="Then New entry is present on app" classname="Scenario: User can add records on Edibles" time="0"/>
  <testcase name="Scenario: User can add records on Edibles" classname="Scenario: User can add records on Edibles" time="0.716"/>
  <testcase name="Given User is on Edibles page" classname="Scenario: User can delete a record on Edibles" time="0"/>
  <testcase name="When User is deleting the first entry" classname="Scenario: User can delete a record on Edibles" time="0"/>
  <testcase name="Then Records should be updated" classname="Scenario: User can delete a record on Edibles" time="0"/>
  <testcase name="Scenario: User can delete a record on Edibles" classname="Scenario: User can delete a record on Edibles" time="0.761"/>
  <testcase name="Given User is on Edibles page" classname="Scenario: User can edit a record on Edibles" time="0"/>
  <testcase name="When User is updating calories on the first entry to &quot;2000&quot;" classname="Scenario: User can edit a record on Edibles" time="0"/>
  <testcase name="Then Thr entry is now updated" classname="Scenario: User can edit a record on Edibles" time="0"/>
  <testcase name="Scenario: User can edit a record on Edibles" classname="Scenario: User can edit a record on Edibles" time="0.713"/>
  <testcase name="Given User is on Edibles page" classname="Scenario: User can short records by date and time" time="0"/>
  <testcase name="When User is updating filter by date with the value &quot;001012021&quot;" classname="Scenario: User can short records by date and time" time="0.001"/>
  <testcase name="And User is updating filter by time with start time &quot;02 01&quot; and end time &quot;05 01&quot;" classname="Scenario: User can short records by date and time" time="0"/>
  <testcase name="Then Only records on 2021 are present on edibles" classname="Scenario: User can short records by date and time" time="0"/>
  <testcase name="Scenario: User can short records by date and time" classname="Scenario: User can short records by date and time" time="0.874"/>
  <testcase name="Given User is on Edibles page" classname="Scenario: Exceeded calories per day validation" time="0"/>
  <testcase name="When User is adding a second entry with name &quot;salad&quot; and calories &quot;4000&quot;" classname="Scenario: Exceeded calories per day validation" time="0"/>
  <testcase name="Then A validation message displayed" classname="Scenario: Exceeded calories per day validation" time="0"/>
  <testcase name="And User decries daily calories" classname="Scenario: Exceeded calories per day validation" time="0"/>
  <testcase name="Then Validation message is not displayed any more" classname="Scenario: Exceeded calories per day validation" time="0"/>
  <testcase name="And User is deleting the first entry" classname="Scenario: Exceeded calories per day validation" time="0"/>
  <testcase name="Scenario: Exceeded calories per day validation" classname="Scenario: Exceeded calories per day validation" time="0.718"/>
  <testcase name="Given User is on Login Page" classname="| 495alexd@example.com | 1234567 |" time="0"/>
  <testcase name="When User is logging in with credentials, email &quot;495alexd@example.com&quot; and password &quot;1234567&quot;" classname="| 495alexd@example.com | 1234567 |" time="0"/>
  <testcase name="Then User now should not logged in on Calc" classname="| 495alexd@example.com | 1234567 |" time="0"/>
  <testcase name="| 495alexd@example.com | 1234567 |" classname="| 495alexd@example.com | 1234567 |" time="0.723"/>
  <testcase name="Given User is on Login Page" classname="| 495alexd@example.com |  |" time="0"/>
  <testcase name="When User is logging in with credentials, email &quot;495alexd@example.com&quot; and password &quot;&quot;" classname="| 495alexd@example.com |  |" time="0"/>
  <testcase name="Then User now should not logged in on Calc" classname="| 495alexd@example.com |  |" time="0"/>
  <testcase name="| 495alexd@example.com |  |" classname="| 495alexd@example.com |  |" time="0.731"/>
  <testcase name="Given User is on Login Page" classname="|  | 123456789 |" time="0"/>
  <testcase name="When User is logging in with credentials, email &quot;&quot; and password &quot;123456789&quot;" classname="|  | 123456789 |" time="0"/>
  <testcase name="Then User now should not logged in on Calc" classname="|  | 123456789 |" time="0"/>
  <testcase name="|  | 123456789 |" classname="|  | 123456789 |" time="0.728"/>
  <testcase name="Given User is on Login Page" classname="| 495alexd@example.gr | 123456789 |" time="0"/>
  <testcase name="When User is logging in with credentials, email &quot;495alexd@example.gr&quot; and password &quot;123456789&quot;" classname="| 495alexd@example.gr | 123456789 |" time="0"/>
  <testcase name="Then User now should not logged in on Calc" classname="| 495alexd@example.gr | 123456789 |" time="0"/>
  <testcase name="| 495alexd@example.gr | 123456789 |" classname="| 495alexd@example.gr | 123456789 |" time="0.723"/>
  <testcase name="Given User is on Login Page" classname="Scenario: Login to the portal with correct un, psw" time="0"/>
  <testcase name="When User is logging in with correct credentials, email &quot;495alexd@example.com&quot; and password &quot;123456789&quot;" classname="Scenario: Login to the portal with correct un, psw" time="0"/>
  <testcase name="Then User now is logged in on Calc" classname="Scenario: Login to the portal with correct un, psw" time="0"/>
  <testcase name="Scenario: Login to the portal with correct un, psw" classname="Scenario: Login to the portal with correct un, psw" time="1.084"/>
  <testcase name="Given User is on Login Page" classname="Scenario: Login and Logout to the portal with correct un, psw" time="0"/>
  <testcase name="When User is logging in with correct credentials, email &quot;495alexd@example.com&quot; and password &quot;123456789&quot;" classname="Scenario: Login and Logout to the portal with correct un, psw" time="0"/>
  <testcase name="Then User now is logged in on Calc" classname="Scenario: Login and Logout to the portal with correct un, psw" time="0"/>
  <testcase name="Then User now is logged in on Calc" classname="Scenario: Login and Logout to the portal with correct un, psw" time="0"/>
  <testcase name="And User is logging out from Calc page" classname="Scenario: Login and Logout to the portal with correct un, psw" time="0"/>
  <testcase name="And User is on Login Page" classname="Scenario: Login and Logout to the portal with correct un, psw" time="0"/>
  <testcase name="And User is logging in with correct credentials, email &quot;495alexd@example.com&quot; and password &quot;123456789&quot;" classname="Scenario: Login and Logout to the portal with correct un, psw" time="0"/>
  <testcase name="Scenario: Login and Logout to the portal with correct un, psw" classname="Scenario: Login and Logout to the portal with correct un, psw" time="0.72"/>
  <testcase name="Given User is on Create account page" classname="Scenario: Registration on the portal with valid values" time="0"/>
  <testcase name="When User register with name &quot;Dimitris Alex&quot; password &quot;123456789&quot; and mail &quot;AlexD@example.com&quot;" classname="Scenario: Registration on the portal with valid values" time="0"/>
  <testcase name="Then User should successfully be registered" classname="Scenario: Registration on the portal with valid values" time="0"/>
  <testcase name="Scenario: Registration on the portal with valid values" classname="Scenario: Registration on the portal with valid values" time="0.93"/>
  <testcase name="Given User is on Create account page" classname="Scenario: Registration on the portal with existing user email" time="0"/>
  <testcase name="When User register with name &quot;Dimitris Alex&quot; password &quot;123456789&quot; and existing mail &quot;494alexd@example.com&quot;" classname="Scenario: Registration on the portal with existing user email" time="0"/>
  <testcase name="Then User should not successfully be registered" classname="Scenario: Registration on the portal with existing user email" time="0"/>
  <testcase name="Scenario: Registration on the portal with existing user email" classname="Scenario: Registration on the portal with existing user email" time="0.726"/>
  <testcase name="Given User is on Create account page" classname="| Dimitris Alex | 123456789 |  |" time="0"/>
  <testcase name="When User register with name &quot;Dimitris Alex&quot; password &quot;123456789&quot; and existing mail &quot;&quot;" classname="| Dimitris Alex | 123456789 |  |" time="0"/>
  <testcase name="Then User should not successfully be registered" classname="| Dimitris Alex | 123456789 |  |" time="0"/>
  <testcase name="| Dimitris Alex | 123456789 |  |" classname="| Dimitris Alex | 123456789 |  |" time="0.707"/>
  <testcase name="Given User is on Create account page" classname="| Dimitris Alex |  | 494alexd@example.com |" time="0"/>
  <testcase name="When User register with name &quot;Dimitris Alex&quot; password &quot;&quot; and existing mail &quot;494alexd@example.com&quot;" classname="| Dimitris Alex |  | 494alexd@example.com |" time="0"/>
  <testcase name="Then User should not successfully be registered" classname="| Dimitris Alex |  | 494alexd@example.com |" time="0"/>
  <testcase name="| Dimitris Alex |  | 494alexd@example.com |" classname="| Dimitris Alex |  | 494alexd@example.com |" time="0.718"/>
  <testcase name="Given User is on Create account page" classname="|  | 123456789 | 494alexd@example.com |" time="0"/>
  <testcase name="When User register with name &quot;&quot; password &quot;123456789&quot; and existing mail &quot;494alexd@example.com&quot;" classname="|  | 123456789 | 494alexd@example.com |" time="0"/>
  <testcase name="Then User should not successfully be registered" classname="|  | 123456789 | 494alexd@example.com |" time="0"/>
  <testcase name="|  | 123456789 | 494alexd@example.com |" classname="|  | 123456789 | 494alexd@example.com |" time="0.736"/>
  <testcase name="Given User is on Create account page" classname="Scenario: From Registration page user is going to login page" time="0"/>
  <testcase name="When User is selecting Login button" classname="Scenario: From Registration page user is going to login page" time="0"/>
  <testcase name="Then Is successfully redirected on Login page" classname="Scenario: From Registration page user is going to login page" time="0"/>
  <testcase name="Scenario: From Registration page user is going to login page" classname="Scenario: From Registration page user is going to login page" time="0.724"/>
</testsuite>